<?xml version="1.0" encoding="UTF-8"?>
<!-- Generated by org.testng.reporters.JUnitReportReporter -->
<testsuite hostname="Shruthi" failures="0" tests="1" name="tests.UpdateDataTests" time="2.859" errors="0" timestamp="20 Apr 2023 22:57:00 GMT" skipped="0">
  <testcase classname="tests.UpdateDataTests" name="addDataTests_TC01" time="2.859"/>
</testsuite> <!-- tests.UpdateDataTests -->
