<?xml version="1.0" encoding="UTF-8"?>
<!-- Generated by org.testng.reporters.JUnitReportReporter -->
<testsuite hostname="Shruthi" failures="0" tests="2" name="tests.AddDataTest" time="3.894" errors="0" timestamp="20 Apr 2023 23:50:10 GMT" skipped="1">
  <testcase classname="tests.AddDataTest" name="addDataTests_TC02" time="3.894"/>
  <testcase classname="tests.AddDataTest" name="addDataTests_TC01">
    <skipped/>
  </testcase> <!-- addDataTests_TC01 -->
</testsuite> <!-- tests.AddDataTest -->
