<?xml version="1.0" encoding="UTF-8"?>
<!-- Generated by org.testng.reporters.JUnitReportReporter -->
<testsuite hostname="Shruthi" failures="0" tests="1" name="tests.LoginTests" time="4.938" errors="0" timestamp="20 Apr 2023 23:49:44 GMT" skipped="0">
  <testcase classname="tests.LoginTests" name="loginTests_TC01" time="4.938"/>
</testsuite> <!-- tests.LoginTests -->
