<?xml version="1.0" encoding="UTF-8"?>
<!-- Generated by org.testng.reporters.JUnitReportReporter -->
<testsuite hostname="Shruthi" failures="0" tests="1" name="tests.GetDataTest" time="7.330" errors="0" timestamp="20 Apr 2023 23:50:40 GMT" skipped="0">
  <testcase classname="tests.GetDataTest" name="getDataTest_TC01" time="7.330"/>
</testsuite> <!-- tests.GetDataTest -->
