<?xml version="1.0" encoding="UTF-8"?>
<!-- Generated by org.testng.reporters.JUnitReportReporter -->
<testsuite hostname="Shruthi" failures="0" tests="1" name="tests.DeleteDataTests" time="4.806" errors="0" timestamp="20 Apr 2023 23:50:54 GMT" skipped="0">
  <testcase classname="tests.DeleteDataTests" name="addDataTests_TC01" time="4.806"/>
</testsuite> <!-- tests.DeleteDataTests -->
